<?xml version="1.0" encoding="UTF-8"?>
<!-- Generated by org.testng.reporters.JUnitXMLReporter -->
<testsuite hostname="hp" ignored="1" name="Default test" tests="6" failures="0" timestamp="2024-12-30T21:51:32 IST" time="12.775" errors="0">
  <testcase name="shouldBeAbleToGetProfileDetails" time="7.568" classname="com.google.oauth2.tests.GmailAPITests"/>
  <testcase name="shouldBeAbleToSendEmail" time="1.207" classname="com.google.oauth2.tests.GmailAPITests"/>
  <testcase name="shouldBeAbleToGetMessage" time="0.931" classname="com.google.oauth2.tests.GmailAPITests"/>
  <testcase name="shouldBeAbleToUpdateMessage" time="1.032" classname="com.google.oauth2.tests.GmailAPITests"/>
  <testcase name="getListOfAllMessage" time="0.974" classname="com.google.oauth2.tests.GmailAPITests"/>
  <testcase name="shouldBeABleToDeleteMessage" time="0.97" classname="com.google.oauth2.tests.GmailAPITests"/>
  <testcase name="shouldBeABleToDeleteMessageAgain" time="0.0" classname="com.google.oauth2.tests.GmailAPITests">
    <ignored/>
  </testcase> <!-- shouldBeABleToDeleteMessageAgain -->
</testsuite> <!-- Default test -->
