<?xml version="1.0" encoding="UTF-8"?>
<testng-results skipped="0" failed="0" ignored="1" total="7" passed="6">
  <reporter-output>
  </reporter-output>
  <suite name="Default suite" duration-ms="12775" started-at="2024-12-30T21:51:19 IST" finished-at="2024-12-30T21:51:32 IST">
    <groups>
    </groups>
    <test name="Default test" duration-ms="12775" started-at="2024-12-30T21:51:19 IST" finished-at="2024-12-30T21:51:32 IST">
      <class name="com.google.oauth2.tests.GmailAPITests">
        <test-method status="PASS" signature="shouldBeAbleToGetProfileDetails()[pri:1, instance:com.google.oauth2.tests.GmailAPITests@2781e022]" name="shouldBeAbleToGetProfileDetails" duration-ms="7568" started-at="2024-12-30T21:51:19 IST" description="User should able to get user profile details" finished-at="2024-12-30T21:51:27 IST">
          <reporter-output>
          </reporter-output>
        </test-method> <!-- shouldBeAbleToGetProfileDetails -->
        <test-method status="PASS" signature="shouldBeAbleToSendEmail()[pri:2, instance:com.google.oauth2.tests.GmailAPITests@2781e022]" name="shouldBeAbleToSendEmail" duration-ms="1207" started-at="2024-12-30T21:51:27 IST" description="User should able to send the email" finished-at="2024-12-30T21:51:28 IST">
          <reporter-output>
          </reporter-output>
        </test-method> <!-- shouldBeAbleToSendEmail -->
        <test-method status="PASS" signature="shouldBeAbleToGetMessage()[pri:3, instance:com.google.oauth2.tests.GmailAPITests@2781e022]" name="shouldBeAbleToGetMessage" duration-ms="931" started-at="2024-12-30T21:51:28 IST" description="User should able to get message" finished-at="2024-12-30T21:51:29 IST">
          <reporter-output>
          </reporter-output>
        </test-method> <!-- shouldBeAbleToGetMessage -->
        <test-method status="PASS" signature="shouldBeAbleToUpdateMessage()[pri:4, instance:com.google.oauth2.tests.GmailAPITests@2781e022]" name="shouldBeAbleToUpdateMessage" duration-ms="1032" started-at="2024-12-30T21:51:29 IST" description="User should be able to update Message" finished-at="2024-12-30T21:51:30 IST">
          <reporter-output>
          </reporter-output>
        </test-method> <!-- shouldBeAbleToUpdateMessage -->
        <test-method status="PASS" signature="getListOfAllMessage()[pri:5, instance:com.google.oauth2.tests.GmailAPITests@2781e022]" name="getListOfAllMessage" duration-ms="974" started-at="2024-12-30T21:51:30 IST" description="User should able to get list of all messages" finished-at="2024-12-30T21:51:31 IST">
          <reporter-output>
          </reporter-output>
        </test-method> <!-- getListOfAllMessage -->
        <test-method status="PASS" signature="shouldBeABleToDeleteMessage()[pri:6, instance:com.google.oauth2.tests.GmailAPITests@2781e022]" name="shouldBeABleToDeleteMessage" duration-ms="970" started-at="2024-12-30T21:51:31 IST" description="User Should able to delete message" finished-at="2024-12-30T21:51:32 IST">
          <reporter-output>
          </reporter-output>
        </test-method> <!-- shouldBeABleToDeleteMessage -->
      </class> <!-- com.google.oauth2.tests.GmailAPITests -->
    </test> <!-- Default test -->
  </suite> <!-- Default suite -->
</testng-results>
